Program called with the following parameters:
 * crossMatching = 0
 * describerTypes = "sift"
 * distanceRatio = 0.8
 * exportDebugFiles = 0
 * featuresFolders =  = [C:/Users/N15031/Documents/GitHub/PHYSCI-70/05_3d_design_printing/assets/MeshroomCache/FeatureExtraction/3feeecf4ad05715c41446895c6777a7ab15185e5]
 * geometricError = 0
 * geometricEstimator =  Unknown Type "enum aliceVision::robustEstimation::ERobustEstimator"
 * geometricFilterType = "fundamental_matrix"
 * guidedMatching = 0
 * imagePairsList =  = [C:/Users/N15031/Documents/GitHub/PHYSCI-70/05_3d_design_printing/assets/MeshroomCache/ImageMatching/8df8ac7e31e077accfd79803a1a470241c9c9c32/imageMatches.txt]
 * input = "C:/Users/N15031/Documents/GitHub/PHYSCI-70/05_3d_design_printing/assets/MeshroomCache/CameraInit/4fc5ba235913589dc68305b68a86b4ef6e4e643b/cameraInit.sfm"
 * knownPosesGeometricErrorMax = 5
 * matchFilePerImage = 0 (default)
 * matchFromKnownCameraPoses = 0
 * maxIteration = 2048
 * maxMatches = 0
 * output = "C:/Users/N15031/Documents/GitHub/PHYSCI-70/05_3d_design_printing/assets/MeshroomCache/FeatureMatching/8ff4152b389657857edc103927701ce651dd8cb3"
 * photometricMatchingMethod = "ANN_L2"
 * randomSeed = 5489 (default)
 * rangeSize = 20
 * rangeStart = 0
 * savePutativeMatches = 0
 * useGridSort = 1 (default)
 * verboseLevel = "info"

[14:59:02.939375][info] Load pair list from file: C:/Users/N15031/Documents/GitHub/PHYSCI-70/05_3d_design_printing/assets/MeshroomCache/ImageMatching/8df8ac7e31e077accfd79803a1a470241c9c9c32/imageMatches.txt
[14:59:02.940366][info] No image pair to match.
